This file contains any messages produced by compilers while
running configure, to aid debugging if configure makes a mistake.

It was created by configure, which was
generated by GNU Autoconf 2.61.  Invocation command line was

  $ ../configure 

## --------- ##
## Platform. ##
## --------- ##

hostname = grihey-HP-ProBook
uname -m = x86_64
uname -r = 4.4.0-62-generic
uname -s = Linux
uname -v = #83-Ubuntu SMP Wed Jan 18 14:10:15 UTC 2017

/usr/bin/uname -p = unknown
/bin/uname -X     = unknown

/bin/arch              = unknown
/usr/bin/arch -k       = unknown
/usr/convex/getsysinfo = unknown
/usr/bin/hostinfo      = unknown
/bin/machine           = unknown
/usr/bin/oslevel       = unknown
/bin/universe          = unknown

PATH: /home/grihey/bin/qemu/bin
PATH: /opt/imgtec/Toolchains/mips-mti-elf/2016.05-03/bin
PATH: /home/grihey/bin/riscv-gnu-toolchain-ar-sc-syntacore/bin
PATH: /home/grihey/bin
PATH: /home/grihey/.local/bin
PATH: /usr/local/sbin
PATH: /usr/local/bin
PATH: /usr/sbin
PATH: /usr/bin
PATH: /sbin
PATH: /bin
PATH: /usr/games
PATH: /usr/local/games
PATH: /snap/bin
PATH: /opt/imgtec/Toolchains/mips-mti-elf/2016.05-03/bin
PATH: /opt/imgtec/Toolchains/mips-mti-linux-gnu/2016.05-03/bin
PATH: /opt/imgtec/Simulators/qemu/2.5.0.2.0/bin


## ----------- ##
## Core tests. ##
## ----------- ##

configure:1695: checking build system type
configure:1713: result: x86_64-unknown-linux-gnu
configure:1735: checking host system type
configure:1750: result: x86_64-unknown-linux-gnu
configure:1787: checking for a BSD-compatible install
configure:1843: result: /usr/bin/install -c
configure:1854: checking whether build environment is sane
configure:1897: result: yes
configure:1925: checking for a thread-safe mkdir -p
configure:1964: result: /bin/mkdir -p
configure:1977: checking for gawk
configure:1993: found /usr/bin/gawk
configure:2004: result: gawk
configure:2015: checking whether make sets $(MAKE)
configure:2036: result: yes
configure:2215: checking whether to enable maintainer-specific portions of Makefiles
configure:2224: result: no
configure:2238: checking that a separate build tree is being used
configure:2251: result: yes
configure:2404: creating ./config.status

## ---------------------- ##
## Running config.status. ##
## ---------------------- ##

This file was extended by config.status, which was
generated by GNU Autoconf 2.61.  Invocation command line was

  CONFIG_FILES    = 
  CONFIG_HEADERS  = 
  CONFIG_LINKS    = 
  CONFIG_COMMANDS = 
  $ ./config.status 

on grihey-HP-ProBook

config.status:611: creating Makefile
config.status:795: executing default-1 commands
configure:3403: === configuring in infra (/home/grihey/src/ecos/ecos-3.0/tools/src/build/infra)
configure:3506: running /bin/bash ../../infra/configure '--prefix=/usr/local'  --cache-file=/dev/null --srcdir=../../infra
configure:3403: === configuring in libcdl (/home/grihey/src/ecos/ecos-3.0/tools/src/build/libcdl)
configure:3506: running /bin/bash ../../libcdl/configure '--prefix=/usr/local'  --cache-file=/dev/null --srcdir=../../libcdl
configure:3403: === configuring in tools/configtool/standalone/common (/home/grihey/src/ecos/ecos-3.0/tools/src/build/tools/configtool/standalone/common)
configure:3506: running /bin/bash ../../../../../tools/configtool/standalone/common/configure '--prefix=/usr/local'  --cache-file=/dev/null --srcdir=../../../../../tools/configtool/standalone/common

## ---------------- ##
## Cache variables. ##
## ---------------- ##

ac_cv_build=x86_64-unknown-linux-gnu
ac_cv_env_build_alias_set=
ac_cv_env_build_alias_value=
ac_cv_env_host_alias_set=
ac_cv_env_host_alias_value=
ac_cv_env_target_alias_set=
ac_cv_env_target_alias_value=
ac_cv_host=x86_64-unknown-linux-gnu
ac_cv_path_install='/usr/bin/install -c'
ac_cv_path_mkdir=/bin/mkdir
ac_cv_prog_AWK=gawk
ac_cv_prog_make_make_set=yes

## ----------------- ##
## Output variables. ##
## ----------------- ##

ACLOCAL='${SHELL} /home/grihey/src/ecos/ecos-3.0/tools/acsupport/missing --run aclocal-1.10'
AMTAR='${SHELL} /home/grihey/src/ecos/ecos-3.0/tools/acsupport/missing --run tar'
AUTOCONF='${SHELL} /home/grihey/src/ecos/ecos-3.0/tools/acsupport/missing --run autoconf'
AUTOHEADER='${SHELL} /home/grihey/src/ecos/ecos-3.0/tools/acsupport/missing --run autoheader'
AUTOMAKE='${SHELL} /home/grihey/src/ecos/ecos-3.0/tools/acsupport/missing --run automake-1.10'
AWK='gawk'
CYGPATH_W='echo'
DEFS='-DPACKAGE_NAME=\"\" -DPACKAGE_TARNAME=\"\" -DPACKAGE_VERSION=\"\" -DPACKAGE_STRING=\"\" -DPACKAGE_BUGREPORT=\"\"'
ECHO_C=''
ECHO_N='-n'
ECHO_T=''
INSTALL_DATA='${INSTALL} -m 644'
INSTALL_PROGRAM='${INSTALL}'
INSTALL_SCRIPT='${INSTALL}'
INSTALL_STRIP_PROGRAM='$(install_sh) -c -s'
LIBOBJS=''
LIBS=''
LTLIBOBJS=''
MAINT='#'
MAINTAINER_MODE_FALSE=''
MAINTAINER_MODE_TRUE='#'
MAKEINFO='${SHELL} /home/grihey/src/ecos/ecos-3.0/tools/acsupport/missing --run makeinfo'
PACKAGE='eCos'
PACKAGE_BUGREPORT=''
PACKAGE_NAME=''
PACKAGE_STRING=''
PACKAGE_TARNAME=''
PACKAGE_VERSION=''
PATH_SEPARATOR=':'
SET_MAKE=''
SHELL='/bin/bash'
STRIP=''
VERSION='2.0'
am__isrc=' -I$(srcdir)'
am__leading_dot='.'
am__tar='${AMTAR} chof - "$$tardir"'
am__untar='${AMTAR} xf -'
bindir='${exec_prefix}/bin'
build='x86_64-unknown-linux-gnu'
build_alias=''
build_cpu='x86_64'
build_os='linux-gnu'
build_vendor='unknown'
datadir='${datarootdir}'
datarootdir='${prefix}/share'
docdir='${datarootdir}/doc/${PACKAGE}'
dvidir='${docdir}'
exec_prefix='${prefix}'
host='x86_64-unknown-linux-gnu'
host_alias=''
host_cpu='x86_64'
host_os='linux-gnu'
host_vendor='unknown'
htmldir='${docdir}'
includedir='${prefix}/include'
infodir='${datarootdir}/info'
install_sh='$(SHELL) /home/grihey/src/ecos/ecos-3.0/tools/acsupport/install-sh'
libdir='${exec_prefix}/lib'
libexecdir='${exec_prefix}/libexec'
localedir='${datarootdir}/locale'
localstatedir='${prefix}/var'
mandir='${datarootdir}/man'
mkdir_p='/bin/mkdir -p'
oldincludedir='/usr/include'
pdfdir='${docdir}'
prefix='/usr/local'
program_transform_name='s,x,x,'
psdir='${docdir}'
sbindir='${exec_prefix}/sbin'
sharedstatedir='${prefix}/com'
subdirs=' infra libcdl tools/configtool/standalone/common'
sysconfdir='${prefix}/etc'
target_alias=''

## ----------- ##
## confdefs.h. ##
## ----------- ##

#define PACKAGE_NAME ""
#define PACKAGE_TARNAME ""
#define PACKAGE_VERSION ""
#define PACKAGE_STRING ""
#define PACKAGE_BUGREPORT ""

configure: exit 0
