This file contains any messages produced by compilers while
running configure, to aid debugging if configure makes a mistake.

It was created by configure, which was
generated by GNU Autoconf 2.61.  Invocation command line was

  $ ../../../../../tools/configtool/standalone/common/configure --prefix=/usr/local --cache-file=/dev/null --srcdir=../../../../../tools/configtool/standalone/common

## --------- ##
## Platform. ##
## --------- ##

hostname = grihey-HP-ProBook
uname -m = x86_64
uname -r = 4.4.0-62-generic
uname -s = Linux
uname -v = #83-Ubuntu SMP Wed Jan 18 14:10:15 UTC 2017

/usr/bin/uname -p = unknown
/bin/uname -X     = unknown

/bin/arch              = unknown
/usr/bin/arch -k       = unknown
/usr/convex/getsysinfo = unknown
/usr/bin/hostinfo      = unknown
/bin/machine           = unknown
/usr/bin/oslevel       = unknown
/bin/universe          = unknown

PATH: /home/grihey/bin/qemu/bin
PATH: /opt/imgtec/Toolchains/mips-mti-elf/2016.05-03/bin
PATH: /home/grihey/bin/riscv-gnu-toolchain-ar-sc-syntacore/bin
PATH: /home/grihey/bin
PATH: /home/grihey/.local/bin
PATH: /usr/local/sbin
PATH: /usr/local/bin
PATH: /usr/sbin
PATH: /usr/bin
PATH: /sbin
PATH: /bin
PATH: /usr/games
PATH: /usr/local/games
PATH: /snap/bin
PATH: /opt/imgtec/Toolchains/mips-mti-elf/2016.05-03/bin
PATH: /opt/imgtec/Toolchains/mips-mti-linux-gnu/2016.05-03/bin
PATH: /opt/imgtec/Simulators/qemu/2.5.0.2.0/bin


## ----------- ##
## Core tests. ##
## ----------- ##

configure:1773: checking that a separate build tree is being used
configure:1786: result: yes
configure:1796: checking build system type
configure:1814: result: x86_64-unknown-linux-gnu
configure:1836: checking host system type
configure:1851: result: x86_64-unknown-linux-gnu
configure:1888: checking for a BSD-compatible install
configure:1944: result: /usr/bin/install -c
configure:1955: checking whether build environment is sane
configure:1998: result: yes
configure:2026: checking for a thread-safe mkdir -p
configure:2065: result: /bin/mkdir -p
configure:2078: checking for gawk
configure:2094: found /usr/bin/gawk
configure:2105: result: gawk
configure:2116: checking whether make sets $(MAKE)
configure:2137: result: yes
configure:2325: checking whether to enable maintainer-specific portions of Makefiles
configure:2334: result: no
configure:2396: checking for gcc
configure:2412: found /usr/bin/gcc
configure:2423: result: gcc
configure:2661: checking for C compiler version
configure:2668: gcc --version >&5
gcc (Ubuntu 5.4.0-6ubuntu1~16.04.4) 5.4.0 20160609
Copyright (C) 2015 Free Software Foundation, Inc.
This is free software; see the source for copying conditions.  There is NO
warranty; not even for MERCHANTABILITY or FITNESS FOR A PARTICULAR PURPOSE.

configure:2671: $? = 0
configure:2678: gcc -v >&5
Using built-in specs.
COLLECT_GCC=gcc
COLLECT_LTO_WRAPPER=/usr/lib/gcc/x86_64-linux-gnu/5/lto-wrapper
Target: x86_64-linux-gnu
Configured with: ../src/configure -v --with-pkgversion='Ubuntu 5.4.0-6ubuntu1~16.04.4' --with-bugurl=file:///usr/share/doc/gcc-5/README.Bugs --enable-languages=c,ada,c++,java,go,d,fortran,objc,obj-c++ --prefix=/usr --program-suffix=-5 --enable-shared --enable-linker-build-id --libexecdir=/usr/lib --without-included-gettext --enable-threads=posix --libdir=/usr/lib --enable-nls --with-sysroot=/ --enable-clocale=gnu --enable-libstdcxx-debug --enable-libstdcxx-time=yes --with-default-libstdcxx-abi=new --enable-gnu-unique-object --disable-vtable-verify --enable-libmpx --enable-plugin --with-system-zlib --disable-browser-plugin --enable-java-awt=gtk --enable-gtk-cairo --with-java-home=/usr/lib/jvm/java-1.5.0-gcj-5-amd64/jre --enable-java-home --with-jvm-root-dir=/usr/lib/jvm/java-1.5.0-gcj-5-amd64 --with-jvm-jar-dir=/usr/lib/jvm-exports/java-1.5.0-gcj-5-amd64 --with-arch-directory=amd64 --with-ecj-jar=/usr/share/java/eclipse-ecj.jar --enable-objc-gc --enable-multiarch --disable-werror --with-arch-32=i686 --with-abi=m64 --with-multilib-list=m32,m64,mx32 --enable-multilib --with-tune=generic --enable-checking=release --build=x86_64-linux-gnu --host=x86_64-linux-gnu --target=x86_64-linux-gnu
Thread model: posix
gcc version 5.4.0 20160609 (Ubuntu 5.4.0-6ubuntu1~16.04.4) 
configure:2681: $? = 0
configure:2688: gcc -V >&5
gcc: error: unrecognized command line option '-V'
gcc: fatal error: no input files
compilation terminated.
configure:2691: $? = 1
configure:2714: checking for C compiler default output file name
configure:2741: gcc    conftest.c  >&5
configure:2744: $? = 0
configure:2782: result: a.out
configure:2799: checking whether the C compiler works
configure:2809: ./a.out
configure:2812: $? = 0
configure:2829: result: yes
configure:2836: checking whether we are cross compiling
configure:2838: result: no
configure:2841: checking for suffix of executables
configure:2848: gcc -o conftest    conftest.c  >&5
configure:2851: $? = 0
configure:2875: result: 
configure:2881: checking for suffix of object files
configure:2907: gcc -c   conftest.c >&5
configure:2910: $? = 0
configure:2933: result: o
configure:2937: checking whether we are using the GNU C compiler
configure:2966: gcc -c   conftest.c >&5
configure:2972: $? = 0
configure:2989: result: yes
configure:2994: checking whether gcc accepts -g
configure:3024: gcc -c -g  conftest.c >&5
configure:3030: $? = 0
configure:3129: result: yes
configure:3146: checking for gcc option to accept ISO C89
configure:3220: gcc  -c -g -O2  conftest.c >&5
configure:3226: $? = 0
configure:3249: result: none needed
configure:3278: checking for style of include used by make
configure:3306: result: GNU
configure:3331: checking dependency style of gcc
configure:3422: result: gcc3
configure:3495: checking for g++
configure:3511: found /usr/bin/g++
configure:3522: result: g++
configure:3553: checking for C++ compiler version
configure:3560: g++ --version >&5
g++ (Ubuntu 5.4.0-6ubuntu1~16.04.4) 5.4.0 20160609
Copyright (C) 2015 Free Software Foundation, Inc.
This is free software; see the source for copying conditions.  There is NO
warranty; not even for MERCHANTABILITY or FITNESS FOR A PARTICULAR PURPOSE.

configure:3563: $? = 0
configure:3570: g++ -v >&5
Using built-in specs.
COLLECT_GCC=g++
COLLECT_LTO_WRAPPER=/usr/lib/gcc/x86_64-linux-gnu/5/lto-wrapper
Target: x86_64-linux-gnu
Configured with: ../src/configure -v --with-pkgversion='Ubuntu 5.4.0-6ubuntu1~16.04.4' --with-bugurl=file:///usr/share/doc/gcc-5/README.Bugs --enable-languages=c,ada,c++,java,go,d,fortran,objc,obj-c++ --prefix=/usr --program-suffix=-5 --enable-shared --enable-linker-build-id --libexecdir=/usr/lib --without-included-gettext --enable-threads=posix --libdir=/usr/lib --enable-nls --with-sysroot=/ --enable-clocale=gnu --enable-libstdcxx-debug --enable-libstdcxx-time=yes --with-default-libstdcxx-abi=new --enable-gnu-unique-object --disable-vtable-verify --enable-libmpx --enable-plugin --with-system-zlib --disable-browser-plugin --enable-java-awt=gtk --enable-gtk-cairo --with-java-home=/usr/lib/jvm/java-1.5.0-gcj-5-amd64/jre --enable-java-home --with-jvm-root-dir=/usr/lib/jvm/java-1.5.0-gcj-5-amd64 --with-jvm-jar-dir=/usr/lib/jvm-exports/java-1.5.0-gcj-5-amd64 --with-arch-directory=amd64 --with-ecj-jar=/usr/share/java/eclipse-ecj.jar --enable-objc-gc --enable-multiarch --disable-werror --with-arch-32=i686 --with-abi=m64 --with-multilib-list=m32,m64,mx32 --enable-multilib --with-tune=generic --enable-checking=release --build=x86_64-linux-gnu --host=x86_64-linux-gnu --target=x86_64-linux-gnu
Thread model: posix
gcc version 5.4.0 20160609 (Ubuntu 5.4.0-6ubuntu1~16.04.4) 
configure:3573: $? = 0
configure:3580: g++ -V >&5
g++: error: unrecognized command line option '-V'
g++: fatal error: no input files
compilation terminated.
configure:3583: $? = 1
configure:3586: checking whether we are using the GNU C++ compiler
configure:3615: g++ -c   conftest.cpp >&5
configure:3621: $? = 0
configure:3638: result: yes
configure:3643: checking whether g++ accepts -g
configure:3673: g++ -c -g  conftest.cpp >&5
configure:3679: $? = 0
configure:3778: result: yes
configure:3803: checking dependency style of g++
configure:3894: result: gcc3
configure:3928: checking "for Visual C++"
configure:3958: result: no
configure:3968: checking "the default compiler flags"
configure:4026: result: done
configure:4186: checking for libcdl
configure:4321: result: -I/home/grihey/src/ecos/ecos-3.0/tools/src/libcdl -L/home/grihey/src/ecos/ecos-3.0/tools/src/build/libcdl
configure:4325: checking for eCos host-side infrastructure
configure:4431: result: -I/home/grihey/src/ecos/ecos-3.0/tools/src/build/infra -L/home/grihey/src/ecos/ecos-3.0/tools/src/build/infra
configure:4438: checking for Tcl/Tk installation
configure:4440: result: 
configure:4541: looking for tclConfig.sh in  /usr/local/lib /usr/lib
configure:4557: found /usr/lib/tclConfig.sh
configure:4563: trying TCL_INCLUDE_SPEC - looking for tcl.h in -I/usr/include/tcl8.6
configure:4582: using -I/usr/include/tcl8.6
configure:4592: using TCL_LIB_SPEC -L/usr/lib/x86_64-linux-gnu -ltcl8.6
configure:4643: using additional libraries for Tcl -ldl -lz  -lpthread -lieee -lm
configure:4648: using additional linker flags for Tcl -Wl,-Bsymbolic-functions -Wl,-z,relro -Wl,--export-dynamic 
configure:4681: looking for tkConfig.sh in  /usr/local/lib /usr/lib
configure:4697: found /usr/lib/tkConfig.sh
configure:4703: trying TK_INCLUDE_SPEC - looking for tk.h in -I/usr/include/tcl8.6
configure:4722: using -I/usr/include/tcl8.6
configure:4737: trying TK_LIB_SPEC -L/usr/lib/x86_64-linux-gnu -ltk8.6
configure:4780: using -L/usr/lib/x86_64-linux-gnu -ltk8.6
configure:4791: using additional libraries for Tk -lX11 -lXss -lXext -lXft -lfontconfig -lfreetype -lfontconfig 
configure:4802: checking for Tcl/Tk installation
configure:4804: result: done
configure:4977: creating ./config.status

## ---------------------- ##
## Running config.status. ##
## ---------------------- ##

This file was extended by config.status, which was
generated by GNU Autoconf 2.61.  Invocation command line was

  CONFIG_FILES    = 
  CONFIG_HEADERS  = 
  CONFIG_LINKS    = 
  CONFIG_COMMANDS = 
  $ ./config.status 

on grihey-HP-ProBook

config.status:649: creating Makefile
config.status:833: executing depfiles commands

## ---------------- ##
## Cache variables. ##
## ---------------- ##

ac_cv_build=x86_64-unknown-linux-gnu
ac_cv_c_compiler_gnu=yes
ac_cv_cxx_compiler_gnu=yes
ac_cv_env_CCC_set=
ac_cv_env_CCC_value=
ac_cv_env_CC_set=
ac_cv_env_CC_value=
ac_cv_env_CFLAGS_set=
ac_cv_env_CFLAGS_value=
ac_cv_env_CPPFLAGS_set=
ac_cv_env_CPPFLAGS_value=
ac_cv_env_CXXFLAGS_set=
ac_cv_env_CXXFLAGS_value=
ac_cv_env_CXX_set=
ac_cv_env_CXX_value=
ac_cv_env_LDFLAGS_set=
ac_cv_env_LDFLAGS_value=
ac_cv_env_LIBS_set=
ac_cv_env_LIBS_value=
ac_cv_env_build_alias_set=
ac_cv_env_build_alias_value=
ac_cv_env_host_alias_set=
ac_cv_env_host_alias_value=
ac_cv_env_target_alias_set=
ac_cv_env_target_alias_value=
ac_cv_host=x86_64-unknown-linux-gnu
ac_cv_objext=o
ac_cv_path_install='/usr/bin/install -c'
ac_cv_path_mkdir=/bin/mkdir
ac_cv_prog_AWK=gawk
ac_cv_prog_ac_ct_CC=gcc
ac_cv_prog_ac_ct_CXX=g++
ac_cv_prog_cc_c89=
ac_cv_prog_cc_g=yes
ac_cv_prog_cxx_g=yes
ac_cv_prog_make_make_set=yes
am_cv_CC_dependencies_compiler_type=gcc3
am_cv_CXX_dependencies_compiler_type=gcc3

## ----------------- ##
## Output variables. ##
## ----------------- ##

ACLOCAL='${SHELL} /home/grihey/src/ecos/ecos-3.0/tools/acsupport/missing --run aclocal-1.10'
AMDEPBACKSLASH='\'
AMDEP_FALSE='#'
AMDEP_TRUE=''
AMTAR='${SHELL} /home/grihey/src/ecos/ecos-3.0/tools/acsupport/missing --run tar'
AUTOCONF='${SHELL} /home/grihey/src/ecos/ecos-3.0/tools/acsupport/missing --run autoconf'
AUTOHEADER='${SHELL} /home/grihey/src/ecos/ecos-3.0/tools/acsupport/missing --run autoheader'
AUTOMAKE='${SHELL} /home/grihey/src/ecos/ecos-3.0/tools/acsupport/missing --run automake-1.10'
AWK='gawk'
CC='gcc'
CCDEPMODE='depmode=gcc3'
CFLAGS=''
CPPFLAGS=''
CXX='g++'
CXXDEPMODE='depmode=gcc3'
CXXFLAGS=''
CYGPATH_W='echo'
DEFS='-DPACKAGE_NAME=\"\" -DPACKAGE_TARNAME=\"\" -DPACKAGE_VERSION=\"\" -DPACKAGE_STRING=\"\" -DPACKAGE_BUGREPORT=\"\" -DPACKAGE=\"ecosconfig\" -DVERSION=\"0.1\"'
DEPDIR='.deps'
ECHO_C=''
ECHO_N='-n'
ECHO_T=''
EXEEXT=''
INSTALL_DATA='${INSTALL} -m 644'
INSTALL_PROGRAM='${INSTALL}'
INSTALL_SCRIPT='${INSTALL}'
INSTALL_STRIP_PROGRAM='$(install_sh) -c -s'
LDFLAGS=''
LIBOBJS=''
LIBS=''
LTLIBOBJS=''
MAINT='#'
MAINTAINER_MODE_FALSE=''
MAINTAINER_MODE_TRUE='#'
MAKEINFO='${SHELL} /home/grihey/src/ecos/ecos-3.0/tools/acsupport/missing --run makeinfo'
MSVC_FALSE=''
MSVC_SRCDIR=''
MSVC_TRUE='#'
OBJEXT='o'
PACKAGE='ecosconfig'
PACKAGE_BUGREPORT=''
PACKAGE_NAME=''
PACKAGE_STRING=''
PACKAGE_TARNAME=''
PACKAGE_VERSION=''
PATH_SEPARATOR=':'
SET_MAKE=''
SHELL='/bin/bash'
STRIP=''
VERSION='0.1'
ac_ct_CC='gcc'
ac_ct_CXX='g++'
am__fastdepCC_FALSE='#'
am__fastdepCC_TRUE=''
am__fastdepCXX_FALSE='#'
am__fastdepCXX_TRUE=''
am__include='include'
am__isrc=' -I$(srcdir)'
am__leading_dot='.'
am__quote=''
am__tar='${AMTAR} chof - "$$tardir"'
am__untar='${AMTAR} xf -'
bindir='${exec_prefix}/bin'
build='x86_64-unknown-linux-gnu'
build_alias=''
build_cpu='x86_64'
build_os='linux-gnu'
build_vendor='unknown'
datadir='${datarootdir}'
datarootdir='${prefix}/share'
docdir='${datarootdir}/doc/${PACKAGE}'
dvidir='${docdir}'
ecos_CFLAGS=' -pipe -Wall -Wpointer-arith -Wbad-function-cast -Wcast-qual -Wstrict-prototypes -Wmissing-prototypes -Wnested-externs -O2'
ecos_CXXFLAGS=' -pipe -Wall -Wpointer-arith -Wcast-qual -Woverloaded-virtual -O2'
ecos_INCLUDES=' -I/home/grihey/src/ecos/ecos-3.0/tools/src/libcdl -I/home/grihey/src/ecos/ecos-3.0/tools/src/build/infra -I/usr/include/tcl8.6'
ecos_LDADD=' -L/home/grihey/src/ecos/ecos-3.0/tools/src/build/libcdl -L/home/grihey/src/ecos/ecos-3.0/tools/src/build/infra'
ecos_LIBS=' -lcdl -lcyginfra  -lcdl -lcyginfra -L/usr/lib/x86_64-linux-gnu -ltcl8.6 -ldl -lz  -lpthread -lieee -lm -Wl,-Bsymbolic-functions -Wl,-z,relro -Wl,--export-dynamic '
ecos_infra_incdir='/home/grihey/src/ecos/ecos-3.0/tools/src/build/infra'
ecos_infra_libdir='/home/grihey/src/ecos/ecos-3.0/tools/src/build/infra'
ecos_libcdl_incdir='/home/grihey/src/ecos/ecos-3.0/tools/src/libcdl'
ecos_libcdl_libdir='/home/grihey/src/ecos/ecos-3.0/tools/src/build/libcdl'
ecos_tk_includes='-I/usr/include/tcl8.6'
ecos_tk_libs='-L/usr/lib/x86_64-linux-gnu -ltk8.6 -lX11 -lXss -lXext -lXft -lfontconfig -lfreetype -lfontconfig '
exec_prefix='${prefix}'
host='x86_64-unknown-linux-gnu'
host_alias=''
host_cpu='x86_64'
host_os='linux-gnu'
host_vendor='unknown'
htmldir='${docdir}'
includedir='${prefix}/include'
infodir='${datarootdir}/info'
install_sh='$(SHELL) /home/grihey/src/ecos/ecos-3.0/tools/acsupport/install-sh'
libdir='${exec_prefix}/lib'
libexecdir='${exec_prefix}/libexec'
localedir='${datarootdir}/locale'
localstatedir='${prefix}/var'
mandir='${datarootdir}/man'
mkdir_p='/bin/mkdir -p'
oldincludedir='/usr/include'
pdfdir='${docdir}'
prefix='/usr/local'
program_transform_name='s,x,x,'
psdir='${docdir}'
sbindir='${exec_prefix}/sbin'
sharedstatedir='${prefix}/com'
sysconfdir='${prefix}/etc'
target_alias=''

## ----------- ##
## confdefs.h. ##
## ----------- ##

#define PACKAGE_NAME ""
#define PACKAGE_TARNAME ""
#define PACKAGE_VERSION ""
#define PACKAGE_STRING ""
#define PACKAGE_BUGREPORT ""
#define PACKAGE "ecosconfig"
#define VERSION "0.1"

configure: exit 0
