This file contains any messages produced by compilers while
running configure, to aid debugging if configure makes a mistake.

It was created by configure, which was
generated by GNU Autoconf 2.61.  Invocation command line was

  $ ../../infra/configure --prefix=/usr/local --cache-file=/dev/null --srcdir=../../infra

## --------- ##
## Platform. ##
## --------- ##

hostname = grihey-HP-ProBook
uname -m = x86_64
uname -r = 4.4.0-62-generic
uname -s = Linux
uname -v = #83-Ubuntu SMP Wed Jan 18 14:10:15 UTC 2017

/usr/bin/uname -p = unknown
/bin/uname -X     = unknown

/bin/arch              = unknown
/usr/bin/arch -k       = unknown
/usr/convex/getsysinfo = unknown
/usr/bin/hostinfo      = unknown
/bin/machine           = unknown
/usr/bin/oslevel       = unknown
/bin/universe          = unknown

PATH: /home/grihey/bin/qemu/bin
PATH: /opt/imgtec/Toolchains/mips-mti-elf/2016.05-03/bin
PATH: /home/grihey/bin/riscv-gnu-toolchain-ar-sc-syntacore/bin
PATH: /home/grihey/bin
PATH: /home/grihey/.local/bin
PATH: /usr/local/sbin
PATH: /usr/local/bin
PATH: /usr/sbin
PATH: /usr/bin
PATH: /sbin
PATH: /bin
PATH: /usr/games
PATH: /usr/local/games
PATH: /snap/bin
PATH: /opt/imgtec/Toolchains/mips-mti-elf/2016.05-03/bin
PATH: /opt/imgtec/Toolchains/mips-mti-linux-gnu/2016.05-03/bin
PATH: /opt/imgtec/Simulators/qemu/2.5.0.2.0/bin


## ----------- ##
## Core tests. ##
## ----------- ##

configure:1788: checking that a separate build tree is being used
configure:1801: result: yes
configure:1812: checking build system type
configure:1830: result: x86_64-unknown-linux-gnu
configure:1852: checking host system type
configure:1867: result: x86_64-unknown-linux-gnu
configure:1905: checking for a BSD-compatible install
configure:1961: result: /usr/bin/install -c
configure:1972: checking whether build environment is sane
configure:2015: result: yes
configure:2043: checking for a thread-safe mkdir -p
configure:2082: result: /bin/mkdir -p
configure:2095: checking for gawk
configure:2111: found /usr/bin/gawk
configure:2122: result: gawk
configure:2133: checking whether make sets $(MAKE)
configure:2154: result: yes
configure:2342: checking whether to enable maintainer-specific portions of Makefiles
configure:2351: result: no
configure:2413: checking for gcc
configure:2429: found /usr/bin/gcc
configure:2440: result: gcc
configure:2678: checking for C compiler version
configure:2685: gcc --version >&5
gcc (Ubuntu 5.4.0-6ubuntu1~16.04.4) 5.4.0 20160609
Copyright (C) 2015 Free Software Foundation, Inc.
This is free software; see the source for copying conditions.  There is NO
warranty; not even for MERCHANTABILITY or FITNESS FOR A PARTICULAR PURPOSE.

configure:2688: $? = 0
configure:2695: gcc -v >&5
Using built-in specs.
COLLECT_GCC=gcc
COLLECT_LTO_WRAPPER=/usr/lib/gcc/x86_64-linux-gnu/5/lto-wrapper
Target: x86_64-linux-gnu
Configured with: ../src/configure -v --with-pkgversion='Ubuntu 5.4.0-6ubuntu1~16.04.4' --with-bugurl=file:///usr/share/doc/gcc-5/README.Bugs --enable-languages=c,ada,c++,java,go,d,fortran,objc,obj-c++ --prefix=/usr --program-suffix=-5 --enable-shared --enable-linker-build-id --libexecdir=/usr/lib --without-included-gettext --enable-threads=posix --libdir=/usr/lib --enable-nls --with-sysroot=/ --enable-clocale=gnu --enable-libstdcxx-debug --enable-libstdcxx-time=yes --with-default-libstdcxx-abi=new --enable-gnu-unique-object --disable-vtable-verify --enable-libmpx --enable-plugin --with-system-zlib --disable-browser-plugin --enable-java-awt=gtk --enable-gtk-cairo --with-java-home=/usr/lib/jvm/java-1.5.0-gcj-5-amd64/jre --enable-java-home --with-jvm-root-dir=/usr/lib/jvm/java-1.5.0-gcj-5-amd64 --with-jvm-jar-dir=/usr/lib/jvm-exports/java-1.5.0-gcj-5-amd64 --with-arch-directory=amd64 --with-ecj-jar=/usr/share/java/eclipse-ecj.jar --enable-objc-gc --enable-multiarch --disable-werror --with-arch-32=i686 --with-abi=m64 --with-multilib-list=m32,m64,mx32 --enable-multilib --with-tune=generic --enable-checking=release --build=x86_64-linux-gnu --host=x86_64-linux-gnu --target=x86_64-linux-gnu
Thread model: posix
gcc version 5.4.0 20160609 (Ubuntu 5.4.0-6ubuntu1~16.04.4) 
configure:2698: $? = 0
configure:2705: gcc -V >&5
gcc: error: unrecognized command line option '-V'
gcc: fatal error: no input files
compilation terminated.
configure:2708: $? = 1
configure:2731: checking for C compiler default output file name
configure:2758: gcc    conftest.c  >&5
configure:2761: $? = 0
configure:2799: result: a.out
configure:2816: checking whether the C compiler works
configure:2826: ./a.out
configure:2829: $? = 0
configure:2846: result: yes
configure:2853: checking whether we are cross compiling
configure:2855: result: no
configure:2858: checking for suffix of executables
configure:2865: gcc -o conftest    conftest.c  >&5
configure:2868: $? = 0
configure:2892: result: 
configure:2898: checking for suffix of object files
configure:2924: gcc -c   conftest.c >&5
configure:2927: $? = 0
configure:2950: result: o
configure:2954: checking whether we are using the GNU C compiler
configure:2983: gcc -c   conftest.c >&5
configure:2989: $? = 0
configure:3006: result: yes
configure:3011: checking whether gcc accepts -g
configure:3041: gcc -c -g  conftest.c >&5
configure:3047: $? = 0
configure:3146: result: yes
configure:3163: checking for gcc option to accept ISO C89
configure:3237: gcc  -c -g -O2  conftest.c >&5
configure:3243: $? = 0
configure:3266: result: none needed
configure:3295: checking for style of include used by make
configure:3323: result: GNU
configure:3348: checking dependency style of gcc
configure:3439: result: gcc3
configure:3512: checking for g++
configure:3528: found /usr/bin/g++
configure:3539: result: g++
configure:3570: checking for C++ compiler version
configure:3577: g++ --version >&5
g++ (Ubuntu 5.4.0-6ubuntu1~16.04.4) 5.4.0 20160609
Copyright (C) 2015 Free Software Foundation, Inc.
This is free software; see the source for copying conditions.  There is NO
warranty; not even for MERCHANTABILITY or FITNESS FOR A PARTICULAR PURPOSE.

configure:3580: $? = 0
configure:3587: g++ -v >&5
Using built-in specs.
COLLECT_GCC=g++
COLLECT_LTO_WRAPPER=/usr/lib/gcc/x86_64-linux-gnu/5/lto-wrapper
Target: x86_64-linux-gnu
Configured with: ../src/configure -v --with-pkgversion='Ubuntu 5.4.0-6ubuntu1~16.04.4' --with-bugurl=file:///usr/share/doc/gcc-5/README.Bugs --enable-languages=c,ada,c++,java,go,d,fortran,objc,obj-c++ --prefix=/usr --program-suffix=-5 --enable-shared --enable-linker-build-id --libexecdir=/usr/lib --without-included-gettext --enable-threads=posix --libdir=/usr/lib --enable-nls --with-sysroot=/ --enable-clocale=gnu --enable-libstdcxx-debug --enable-libstdcxx-time=yes --with-default-libstdcxx-abi=new --enable-gnu-unique-object --disable-vtable-verify --enable-libmpx --enable-plugin --with-system-zlib --disable-browser-plugin --enable-java-awt=gtk --enable-gtk-cairo --with-java-home=/usr/lib/jvm/java-1.5.0-gcj-5-amd64/jre --enable-java-home --with-jvm-root-dir=/usr/lib/jvm/java-1.5.0-gcj-5-amd64 --with-jvm-jar-dir=/usr/lib/jvm-exports/java-1.5.0-gcj-5-amd64 --with-arch-directory=amd64 --with-ecj-jar=/usr/share/java/eclipse-ecj.jar --enable-objc-gc --enable-multiarch --disable-werror --with-arch-32=i686 --with-abi=m64 --with-multilib-list=m32,m64,mx32 --enable-multilib --with-tune=generic --enable-checking=release --build=x86_64-linux-gnu --host=x86_64-linux-gnu --target=x86_64-linux-gnu
Thread model: posix
gcc version 5.4.0 20160609 (Ubuntu 5.4.0-6ubuntu1~16.04.4) 
configure:3590: $? = 0
configure:3597: g++ -V >&5
g++: error: unrecognized command line option '-V'
g++: fatal error: no input files
compilation terminated.
configure:3600: $? = 1
configure:3603: checking whether we are using the GNU C++ compiler
configure:3632: g++ -c   conftest.cpp >&5
configure:3638: $? = 0
configure:3655: result: yes
configure:3660: checking whether g++ accepts -g
configure:3690: g++ -c -g  conftest.cpp >&5
configure:3696: $? = 0
configure:3795: result: yes
configure:3820: checking dependency style of g++
configure:3911: result: gcc3
configure:3969: checking for ranlib
configure:3985: found /usr/bin/ranlib
configure:3996: result: ranlib
configure:4041: checking "for Visual C++"
configure:4071: result: no
configure:4081: checking "the default compiler flags"
configure:4139: result: done
configure:4149: checking how to run the C preprocessor
configure:4189: gcc -E  conftest.c
configure:4195: $? = 0
configure:4226: gcc -E  conftest.c
conftest.c:9:28: fatal error: ac_nonexistent.h: No such file or directory
compilation terminated.
configure:4232: $? = 1
configure: failed program was:
| /* confdefs.h.  */
| #define PACKAGE_NAME ""
| #define PACKAGE_TARNAME ""
| #define PACKAGE_VERSION ""
| #define PACKAGE_STRING ""
| #define PACKAGE_BUGREPORT ""
| #define CYGNUM_INFRA_VERSION "0.1"
| /* end confdefs.h.  */
| #include <ac_nonexistent.h>
configure:4265: result: gcc -E
configure:4294: gcc -E  conftest.c
configure:4300: $? = 0
configure:4331: gcc -E  conftest.c
conftest.c:9:28: fatal error: ac_nonexistent.h: No such file or directory
compilation terminated.
configure:4337: $? = 1
configure: failed program was:
| /* confdefs.h.  */
| #define PACKAGE_NAME ""
| #define PACKAGE_TARNAME ""
| #define PACKAGE_VERSION ""
| #define PACKAGE_STRING ""
| #define PACKAGE_BUGREPORT ""
| #define CYGNUM_INFRA_VERSION "0.1"
| /* end confdefs.h.  */
| #include <ac_nonexistent.h>
configure:4375: checking for grep that handles long lines and -e
configure:4449: result: /bin/grep
configure:4454: checking for egrep
configure:4532: result: /bin/grep -E
configure:4537: checking for ANSI C header files
configure:4567: gcc -c   conftest.c >&5
configure:4573: $? = 0
configure:4672: gcc -o conftest    conftest.c  >&5
configure:4675: $? = 0
configure:4681: ./conftest
configure:4684: $? = 0
configure:4701: result: yes
configure:4725: checking for sys/types.h
configure:4746: gcc -c   conftest.c >&5
configure:4752: $? = 0
configure:4768: result: yes
configure:4725: checking for sys/stat.h
configure:4746: gcc -c   conftest.c >&5
configure:4752: $? = 0
configure:4768: result: yes
configure:4725: checking for stdlib.h
configure:4746: gcc -c   conftest.c >&5
configure:4752: $? = 0
configure:4768: result: yes
configure:4725: checking for string.h
configure:4746: gcc -c   conftest.c >&5
configure:4752: $? = 0
configure:4768: result: yes
configure:4725: checking for memory.h
configure:4746: gcc -c   conftest.c >&5
configure:4752: $? = 0
configure:4768: result: yes
configure:4725: checking for strings.h
configure:4746: gcc -c   conftest.c >&5
configure:4752: $? = 0
configure:4768: result: yes
configure:4725: checking for inttypes.h
configure:4746: gcc -c   conftest.c >&5
configure:4752: $? = 0
configure:4768: result: yes
configure:4725: checking for stdint.h
configure:4746: gcc -c   conftest.c >&5
configure:4752: $? = 0
configure:4768: result: yes
configure:4725: checking for unistd.h
configure:4746: gcc -c   conftest.c >&5
configure:4752: $? = 0
configure:4768: result: yes
configure:4780: checking whether byte ordering is bigendian
configure:4813: gcc -c   conftest.c >&5
configure:4819: $? = 0
configure:4851: gcc -c   conftest.c >&5
conftest.c: In function 'main':
conftest.c:26:2: error: unknown type name 'not'
  not big endian
  ^
conftest.c:26:10: error: expected '=', ',', ';', 'asm' or '__attribute__' before 'endian'
  not big endian
          ^
configure:4857: $? = 1
configure: failed program was:
| /* confdefs.h.  */
| #define PACKAGE_NAME ""
| #define PACKAGE_TARNAME ""
| #define PACKAGE_VERSION ""
| #define PACKAGE_STRING ""
| #define PACKAGE_BUGREPORT ""
| #define CYGNUM_INFRA_VERSION "0.1"
| #define STDC_HEADERS 1
| #define HAVE_SYS_TYPES_H 1
| #define HAVE_SYS_STAT_H 1
| #define HAVE_STDLIB_H 1
| #define HAVE_STRING_H 1
| #define HAVE_MEMORY_H 1
| #define HAVE_STRINGS_H 1
| #define HAVE_INTTYPES_H 1
| #define HAVE_STDINT_H 1
| #define HAVE_UNISTD_H 1
| /* end confdefs.h.  */
| #include <sys/types.h>
| #include <sys/param.h>
| 
| int
| main ()
| {
| #if BYTE_ORDER != BIG_ENDIAN
|  not big endian
| #endif
| 
|   ;
|   return 0;
| }
configure:4997: result: no
configure:5022: checking "for a 64 bit data type"
configure:5057: gcc -o conftest    conftest.c  >&5
conftest.c:20:9: warning: return type defaults to 'int' [-Wimplicit-int]
         main() {
         ^
configure:5060: $? = 0
configure:5066: ./conftest
configure:5069: $? = 0
configure:5111: g++ -o conftest    conftest.cpp  >&5
configure:5114: $? = 0
configure:5120: ./conftest
configure:5123: $? = 0
configure:5151: result: long
configure:5173: checking for int *
configure:5203: gcc -c   conftest.c >&5
configure:5209: $? = 0
configure:5224: result: yes
configure:5231: checking size of int *
configure:5533: gcc -o conftest    conftest.c  >&5
configure:5536: $? = 0
configure:5542: ./conftest
configure:5545: $? = 0
configure:5568: result: 8
configure:5578: checking for long
configure:5608: gcc -c   conftest.c >&5
configure:5614: $? = 0
configure:5629: result: yes
configure:5636: checking size of long
configure:5938: gcc -o conftest    conftest.c  >&5
configure:5941: $? = 0
configure:5947: ./conftest
configure:5950: $? = 0
configure:5973: result: 8
configure:5988: checking "for __PRETTY_FUNCTION__ support"
configure:6022: gcc -o conftest    conftest.c  >&5
configure:6028: $? = 0
configure:6072: g++ -o conftest    conftest.cpp  >&5
configure:6078: $? = 0
configure:6106: result: yes
configure:6121: checking for mkstemp
configure:6177: gcc -o conftest    conftest.c  >&5
configure:6183: $? = 0
configure:6201: result: yes
configure:6371: creating ./config.status

## ---------------------- ##
## Running config.status. ##
## ---------------------- ##

This file was extended by config.status, which was
generated by GNU Autoconf 2.61.  Invocation command line was

  CONFIG_FILES    = 
  CONFIG_HEADERS  = 
  CONFIG_LINKS    = 
  CONFIG_COMMANDS = 
  $ ./config.status 

on grihey-HP-ProBook

config.status:665: creating Makefile
config.status:665: creating testsuite/Makefile
config.status:665: creating hostinfra.h
config.status:936: executing depfiles commands

## ---------------- ##
## Cache variables. ##
## ---------------- ##

ac_cv_build=x86_64-unknown-linux-gnu
ac_cv_c_bigendian=no
ac_cv_c_compiler_gnu=yes
ac_cv_cxx_compiler_gnu=yes
ac_cv_env_CCC_set=
ac_cv_env_CCC_value=
ac_cv_env_CC_set=
ac_cv_env_CC_value=
ac_cv_env_CFLAGS_set=
ac_cv_env_CFLAGS_value=
ac_cv_env_CPPFLAGS_set=
ac_cv_env_CPPFLAGS_value=
ac_cv_env_CPP_set=
ac_cv_env_CPP_value=
ac_cv_env_CXXFLAGS_set=
ac_cv_env_CXXFLAGS_value=
ac_cv_env_CXX_set=
ac_cv_env_CXX_value=
ac_cv_env_LDFLAGS_set=
ac_cv_env_LDFLAGS_value=
ac_cv_env_LIBS_set=
ac_cv_env_LIBS_value=
ac_cv_env_build_alias_set=
ac_cv_env_build_alias_value=
ac_cv_env_host_alias_set=
ac_cv_env_host_alias_value=
ac_cv_env_target_alias_set=
ac_cv_env_target_alias_value=
ac_cv_func_mkstemp=yes
ac_cv_header_inttypes_h=yes
ac_cv_header_memory_h=yes
ac_cv_header_stdc=yes
ac_cv_header_stdint_h=yes
ac_cv_header_stdlib_h=yes
ac_cv_header_string_h=yes
ac_cv_header_strings_h=yes
ac_cv_header_sys_stat_h=yes
ac_cv_header_sys_types_h=yes
ac_cv_header_unistd_h=yes
ac_cv_host=x86_64-unknown-linux-gnu
ac_cv_objext=o
ac_cv_path_EGREP='/bin/grep -E'
ac_cv_path_GREP=/bin/grep
ac_cv_path_install='/usr/bin/install -c'
ac_cv_path_mkdir=/bin/mkdir
ac_cv_prog_AWK=gawk
ac_cv_prog_CPP='gcc -E'
ac_cv_prog_ac_ct_CC=gcc
ac_cv_prog_ac_ct_CXX=g++
ac_cv_prog_ac_ct_RANLIB=ranlib
ac_cv_prog_cc_c89=
ac_cv_prog_cc_g=yes
ac_cv_prog_cxx_g=yes
ac_cv_prog_make_make_set=yes
ac_cv_sizeof_int_p=8
ac_cv_sizeof_long=8
ac_cv_type_int_p=yes
ac_cv_type_long=yes
am_cv_CC_dependencies_compiler_type=gcc3
am_cv_CXX_dependencies_compiler_type=gcc3
ecos_cv_c_pretty_function=yes
ecos_cv_type_64bit=long

## ----------------- ##
## Output variables. ##
## ----------------- ##

ACLOCAL='${SHELL} /home/grihey/src/ecos/ecos-3.0/tools/acsupport/missing --run aclocal-1.10'
AMDEPBACKSLASH='\'
AMDEP_FALSE='#'
AMDEP_TRUE=''
AMTAR='${SHELL} /home/grihey/src/ecos/ecos-3.0/tools/acsupport/missing --run tar'
AUTOCONF='${SHELL} /home/grihey/src/ecos/ecos-3.0/tools/acsupport/missing --run autoconf'
AUTOHEADER='${SHELL} /home/grihey/src/ecos/ecos-3.0/tools/acsupport/missing --run autoheader'
AUTOMAKE='${SHELL} /home/grihey/src/ecos/ecos-3.0/tools/acsupport/missing --run automake-1.10'
AWK='gawk'
CC='gcc'
CCDEPMODE='depmode=gcc3'
CFLAGS=''
CPP='gcc -E'
CPPFLAGS=''
CXX='g++'
CXXDEPMODE='depmode=gcc3'
CXXFLAGS=''
CYGPATH_W='echo'
DEFS='-DHAVE_CONFIG_H'
DEPDIR='.deps'
ECHO_C=''
ECHO_N='-n'
ECHO_T=''
EGREP='/bin/grep -E'
EXEEXT=''
GREP='/bin/grep'
INSTALL_DATA='${INSTALL} -m 644'
INSTALL_PROGRAM='${INSTALL}'
INSTALL_SCRIPT='${INSTALL}'
INSTALL_STRIP_PROGRAM='$(install_sh) -c -s'
LDFLAGS=''
LIBOBJS=''
LIBS=''
LTLIBOBJS=''
MAINT='#'
MAINTAINER_MODE_FALSE=''
MAINTAINER_MODE_TRUE='#'
MAKEINFO='${SHELL} /home/grihey/src/ecos/ecos-3.0/tools/acsupport/missing --run makeinfo'
MSVC_FALSE=''
MSVC_SRCDIR=''
MSVC_TRUE='#'
OBJEXT='o'
PACKAGE='cyginfra'
PACKAGE_BUGREPORT=''
PACKAGE_NAME=''
PACKAGE_STRING=''
PACKAGE_TARNAME=''
PACKAGE_VERSION=''
PATH_SEPARATOR=':'
RANLIB='ranlib'
SET_MAKE=''
SHELL='/bin/bash'
STRIP=''
VERSION='0.1'
ac_ct_CC='gcc'
ac_ct_CXX='g++'
am__fastdepCC_FALSE='#'
am__fastdepCC_TRUE=''
am__fastdepCXX_FALSE='#'
am__fastdepCXX_TRUE=''
am__include='include'
am__isrc=' -I$(srcdir)'
am__leading_dot='.'
am__quote=''
am__tar='${AMTAR} chof - "$$tardir"'
am__untar='${AMTAR} xf -'
bindir='${exec_prefix}/bin'
build='x86_64-unknown-linux-gnu'
build_alias=''
build_cpu='x86_64'
build_os='linux-gnu'
build_vendor='unknown'
datadir='${datarootdir}'
datarootdir='${prefix}/share'
docdir='${datarootdir}/doc/${PACKAGE}'
dvidir='${docdir}'
ecos_CFLAGS=' -pipe -Wall -Wpointer-arith -Wbad-function-cast -Wcast-qual -Wstrict-prototypes -Wmissing-prototypes -Wnested-externs -O2'
ecos_CXXFLAGS=' -pipe -Wall -Wpointer-arith -Wcast-qual -Woverloaded-virtual -O2'
ecos_INCLUDES=''
ecos_LDADD=''
ecos_LIBS=''
exec_prefix='${prefix}'
host='x86_64-unknown-linux-gnu'
host_alias=''
host_cpu='x86_64'
host_os='linux-gnu'
host_vendor='unknown'
htmldir='${docdir}'
includedir='${prefix}/include'
infodir='${datarootdir}/info'
install_sh='$(SHELL) /home/grihey/src/ecos/ecos-3.0/tools/acsupport/install-sh'
libdir='${exec_prefix}/lib'
libexecdir='${exec_prefix}/libexec'
localedir='${datarootdir}/locale'
localstatedir='${prefix}/var'
mandir='${datarootdir}/man'
mkdir_p='/bin/mkdir -p'
oldincludedir='/usr/include'
pdfdir='${docdir}'
prefix='/usr/local'
program_transform_name='s,x,x,'
psdir='${docdir}'
sbindir='${exec_prefix}/sbin'
sharedstatedir='${prefix}/com'
sysconfdir='${prefix}/etc'
target_alias=''

## ----------- ##
## confdefs.h. ##
## ----------- ##

#define PACKAGE_NAME ""
#define PACKAGE_TARNAME ""
#define PACKAGE_VERSION ""
#define PACKAGE_STRING ""
#define PACKAGE_BUGREPORT ""
#define CYGNUM_INFRA_VERSION "0.1"
#define STDC_HEADERS 1
#define HAVE_SYS_TYPES_H 1
#define HAVE_SYS_STAT_H 1
#define HAVE_STDLIB_H 1
#define HAVE_STRING_H 1
#define HAVE_MEMORY_H 1
#define HAVE_STRINGS_H 1
#define HAVE_INTTYPES_H 1
#define HAVE_STDINT_H 1
#define HAVE_UNISTD_H 1
#define cyg_halint64 long
#define cyg_halcount64 long
#define SIZEOF_INT_P 8
#define SIZEOF_LONG 8
#define CYGDBG_INFRA_DEBUG_FUNCTION_PSEUDOMACRO 1
#define HAVE_MKSTEMP 1

configure: exit 0
